<?xml version="1.0" encoding="UTF-8"?>
<testng-results skipped="0" failed="0" ignored="0" total="1" passed="1">
  <reporter-output>
  </reporter-output>
  <suite name="Default suite" duration-ms="47154" started-at="2021-03-31T11:20:38 EDT" finished-at="2021-03-31T11:21:25 EDT">
    <groups>
    </groups>
    <test name="Default test" duration-ms="47154" started-at="2021-03-31T11:20:38 EDT" finished-at="2021-03-31T11:21:25 EDT">
      <class name="com.walmart.testcases.Shopping_Cart_Test">
        <test-method status="PASS" signature="setup()[pri:0, instance:com.walmart.testcases.Shopping_Cart_Test@17579e0f]" name="setup" is-config="true" duration-ms="8331" started-at="2021-03-31T11:20:38 EDT" finished-at="2021-03-31T11:20:46 EDT">
          <reporter-output>
          </reporter-output>
        </test-method> <!-- setup -->
        <test-method status="PASS" signature="shoppingcarttest()[pri:0, instance:com.walmart.testcases.Shopping_Cart_Test@17579e0f]" name="shoppingcarttest" duration-ms="38410" started-at="2021-03-31T11:20:46 EDT" finished-at="2021-03-31T11:21:25 EDT">
          <reporter-output>
          </reporter-output>
        </test-method> <!-- shoppingcarttest -->
        <test-method status="PASS" signature="teardown()[pri:0, instance:com.walmart.testcases.Shopping_Cart_Test@17579e0f]" name="teardown" is-config="true" duration-ms="368" started-at="2021-03-31T11:21:25 EDT" finished-at="2021-03-31T11:21:25 EDT">
          <reporter-output>
          </reporter-output>
        </test-method> <!-- teardown -->
      </class> <!-- com.walmart.testcases.Shopping_Cart_Test -->
    </test> <!-- Default test -->
  </suite> <!-- Default suite -->
</testng-results>
